<?xml version="1.0" encoding="UTF-8"?>
<testsuite xmlns:xsi="http://www.w3.org/2001/XMLSchema-instance" xsi:noNamespaceSchemaLocation="https://maven.apache.org/surefire/maven-surefire-plugin/xsd/surefire-test-report.xsd" name="com.dius.shopping.ApplicationTests" time="0.165" tests="3" errors="0" skipped="0" failures="0">
  <properties>
[...]
</properties>
  <testcase name="checkBulkDiscountOffer" classname="com.dius.shopping.ApplicationTests" time="0.122"/>
  <testcase name="checkFreeBundleOffer" classname="com.dius.shopping.ApplicationTests" time="0.005"/>
  <testcase name="checkBuyXGetYOffer" classname="com.dius.shopping.ApplicationTests" time="0.003"/>
</testsuite>